Determining if the pthread_create exist failed with the following output:
Change Dir: /home/user/Desktop/qpy/hz/G4/dnadamage1/build/CMakeFiles/CMakeTmp

Run Build Command:"/usr/bin/make" "cmTC_bb985/fast"
/usr/bin/make -f CMakeFiles/cmTC_bb985.dir/build.make CMakeFiles/cmTC_bb985.dir/build
make[1]: Entering directory '/home/user/Desktop/qpy/hz/G4/dnadamage1/build/CMakeFiles/CMakeTmp'
Building C object CMakeFiles/cmTC_bb985.dir/CheckSymbolExists.c.o
/usr/bin/cc    -o CMakeFiles/cmTC_bb985.dir/CheckSymbolExists.c.o   -c /home/user/Desktop/qpy/hz/G4/dnadamage1/build/CMakeFiles/CMakeTmp/CheckSymbolExists.c
Linking C executable cmTC_bb985
/usr/bin/cmake -E cmake_link_script CMakeFiles/cmTC_bb985.dir/link.txt --verbose=1
/usr/bin/cc      CMakeFiles/cmTC_bb985.dir/CheckSymbolExists.c.o  -o cmTC_bb985 
CMakeFiles/cmTC_bb985.dir/CheckSymbolExists.c.o: In function `main':
CheckSymbolExists.c:(.text+0x1b): undefined reference to `pthread_create'
collect2: error: ld returned 1 exit status
CMakeFiles/cmTC_bb985.dir/build.make:97: recipe for target 'cmTC_bb985' failed
make[1]: *** [cmTC_bb985] Error 1
make[1]: Leaving directory '/home/user/Desktop/qpy/hz/G4/dnadamage1/build/CMakeFiles/CMakeTmp'
Makefile:126: recipe for target 'cmTC_bb985/fast' failed
make: *** [cmTC_bb985/fast] Error 2

File /home/user/Desktop/qpy/hz/G4/dnadamage1/build/CMakeFiles/CMakeTmp/CheckSymbolExists.c:
/* */
#include <pthread.h>

int main(int argc, char** argv)
{
  (void)argv;
#ifndef pthread_create
  return ((int*)(&pthread_create))[argc];
#else
  (void)argc;
  return 0;
#endif
}

